Using pre-set license
Built from '2021.3/staging' branch; Version is '2021.3.15f1 (e8e88683f834) revision 15263878'; Using compiler version '192829333'; Build Type 'Release'
OS: 'Windows 10  (10.0.19045) 64bit Professional' Language: 'es' Physical Memory: 8082 MB
BatchMode: 1, IsHumanControllingUs: 0, StartBugReporterOnCrash: 0, Is64bit: 1, IsPro: 1

COMMAND LINE ARGUMENTS:
C:\Program Files\Unity\Hub\Editor\2021.3.15f1\Editor\Unity.exe
-adb2
-batchMode
-noUpm
-name
AssetImportWorker0
-projectPath
C:/Users/DAM2A-03/Documents/Multimedia/ProyectosMultimedia/Proyectos Unity/JuegoAlbertoColmenar
-logFile
Logs/AssetImportWorker0.log
-srvPort
60745
Successfully changed project path to: C:/Users/DAM2A-03/Documents/Multimedia/ProyectosMultimedia/Proyectos Unity/JuegoAlbertoColmenar
C:/Users/DAM2A-03/Documents/Multimedia/ProyectosMultimedia/Proyectos Unity/JuegoAlbertoColmenar
[UnityMemory] Configuration Parameters - Can be set up in boot.config
    "memorysetup-bucket-allocator-granularity=16"
    "memorysetup-bucket-allocator-bucket-count=8"
    "memorysetup-bucket-allocator-block-size=33554432"
    "memorysetup-bucket-allocator-block-count=8"
    "memorysetup-main-allocator-block-size=16777216"
    "memorysetup-thread-allocator-block-size=16777216"
    "memorysetup-gfx-main-allocator-block-size=16777216"
    "memorysetup-gfx-thread-allocator-block-size=16777216"
    "memorysetup-cache-allocator-block-size=4194304"
    "memorysetup-typetree-allocator-block-size=2097152"
    "memorysetup-profiler-bucket-allocator-granularity=16"
    "memorysetup-profiler-bucket-allocator-bucket-count=8"
    "memorysetup-profiler-bucket-allocator-block-size=33554432"
    "memorysetup-profiler-bucket-allocator-block-count=8"
    "memorysetup-profiler-allocator-block-size=16777216"
    "memorysetup-profiler-editor-allocator-block-size=1048576"
    "memorysetup-temp-allocator-size-main=16777216"
    "memorysetup-job-temp-allocator-block-size=2097152"
    "memorysetup-job-temp-allocator-block-size-background=1048576"
    "memorysetup-job-temp-allocator-reduction-small-platforms=262144"
    "memorysetup-temp-allocator-size-background-worker=32768"
    "memorysetup-temp-allocator-size-job-worker=262144"
    "memorysetup-temp-allocator-size-preload-manager=33554432"
    "memorysetup-temp-allocator-size-nav-mesh-worker=65536"
    "memorysetup-temp-allocator-size-audio-worker=65536"
    "memorysetup-temp-allocator-size-cloud-worker=32768"
    "memorysetup-temp-allocator-size-gi-baking-worker=262144"
    "memorysetup-temp-allocator-size-gfx=262144"
Player connection [2600] Host "[IP] 192.168.56.1 [Port] 0 [Flags] 2 [Guid] 909725988 [EditorId] 909725988 [Version] 1048832 [Id] WindowsEditor(7,C13-PC16) [Debug] 1 [PackageName] WindowsEditor [ProjectName] Editor" joined multi-casting on [225.0.0.222:54997]...

Player connection [2600] Host "[IP] 192.168.56.1 [Port] 0 [Flags] 2 [Guid] 909725988 [EditorId] 909725988 [Version] 1048832 [Id] WindowsEditor(7,C13-PC16) [Debug] 1 [PackageName] WindowsEditor [ProjectName] Editor" joined alternative multi-casting on [225.0.0.222:34997]...

Refreshing native plugins compatible for Editor in 106.73 ms, found 4 plugins.
Preloading 0 native plugins for Editor in 0.00 ms.
Initialize engine version: 2021.3.15f1 (e8e88683f834)
[Subsystems] Discovering subsystems at path C:/Program Files/Unity/Hub/Editor/2021.3.15f1/Editor/Data/Resources/UnitySubsystems
[Subsystems] Discovering subsystems at path C:/Users/DAM2A-03/Documents/Multimedia/ProyectosMultimedia/Proyectos Unity/JuegoAlbertoColmenar/Assets
GfxDevice: creating device client; threaded=0; jobified=0
Direct3D:
    Version:  Direct3D 11.0 [level 11.1]
    Renderer: Intel(R) HD Graphics 4600 (ID=0x412)
    Vendor:   Intel
    VRAM:     2048 MB
    Driver:   20.19.15.5126
Initialize mono
Mono path[0] = 'C:/Program Files/Unity/Hub/Editor/2021.3.15f1/Editor/Data/Managed'
Mono path[1] = 'C:/Program Files/Unity/Hub/Editor/2021.3.15f1/Editor/Data/MonoBleedingEdge/lib/mono/unityjit-win32'
Mono config path = 'C:/Program Files/Unity/Hub/Editor/2021.3.15f1/Editor/Data/MonoBleedingEdge/etc'
Using monoOptions --debugger-agent=transport=dt_socket,embedding=1,server=y,suspend=n,address=127.0.0.1:56724
Begin MonoManager ReloadAssembly
Registering precompiled unity dll's ...
Register platform support module: C:/Program Files/Unity/Hub/Editor/2021.3.15f1/Editor/Data/PlaybackEngines/WindowsStandaloneSupport/UnityEditor.WindowsStandalone.Extensions.dll
Registered in 0.019806 seconds.
Native extension for WindowsStandalone target not found
Refreshing native plugins compatible for Editor in 108.81 ms, found 4 plugins.
Preloading 0 native plugins for Editor in 0.00 ms.
Mono: successfully reloaded assembly
- Completed reload, in  1.589 seconds
Domain Reload Profiling:
	ReloadAssembly (1589ms)
		BeginReloadAssembly (848ms)
			ExecutionOrderSort (0ms)
			DisableScriptedObjects (0ms)
			BackupInstance (0ms)
			ReleaseScriptingObjects (0ms)
			CreateAndSetChildDomain (1ms)
		EndReloadAssembly (588ms)
			LoadAssemblies (846ms)
			RebuildTransferFunctionScriptingTraits (0ms)
			SetupTypeCache (128ms)
			ReleaseScriptCaches (0ms)
			RebuildScriptCaches (34ms)
			SetupLoadedEditorAssemblies (366ms)
				LogAssemblyErrors (0ms)
				InitializePlatformSupportModulesInManaged (9ms)
				SetLoadedEditorAssemblies (0ms)
				RefreshPlugins (109ms)
				BeforeProcessingInitializeOnLoad (2ms)
				ProcessInitializeOnLoadAttributes (177ms)
				ProcessInitializeOnLoadMethodAttributes (69ms)
				AfterProcessingInitializeOnLoad (0ms)
				EditorAssembliesLoaded (0ms)
			ExecutionOrderSort2 (0ms)
			AwakeInstancesAfterBackupRestoration (0ms)
Platform modules already initialized, skipping
Registering precompiled user dll's ...
Registered in 0.009196 seconds.
Begin MonoManager ReloadAssembly
Symbol file LoadedFromMemory doesn't match image C:\Users\DAM2A-03\Documents\Multimedia\ProyectosMultimedia\Proyectos Unity\JuegoAlbertoColmenar\Library\PackageCache\com.unity.visualscripting@1.7.8\Editor\VisualScripting.Core\Dependencies\YamlDotNet\Unity.VisualScripting.YamlDotNet.dll
Symbol file LoadedFromMemory doesn't match image C:\Users\DAM2A-03\Documents\Multimedia\ProyectosMultimedia\Proyectos Unity\JuegoAlbertoColmenar\Library\PackageCache\com.unity.visualscripting@1.7.8\Editor\VisualScripting.Core\Dependencies\DotNetZip\Unity.VisualScripting.IonicZip.dll
Native extension for WindowsStandalone target not found
Refreshing native plugins compatible for Editor in 129.39 ms, found 4 plugins.
Preloading 0 native plugins for Editor in 0.00 ms.
Mono: successfully reloaded assembly
- Completed reload, in  2.098 seconds
Domain Reload Profiling:
	ReloadAssembly (2099ms)
		BeginReloadAssembly (361ms)
			ExecutionOrderSort (0ms)
			DisableScriptedObjects (24ms)
			BackupInstance (0ms)
			ReleaseScriptingObjects (0ms)
			CreateAndSetChildDomain (154ms)
		EndReloadAssembly (1529ms)
			LoadAssemblies (237ms)
			RebuildTransferFunctionScriptingTraits (0ms)
			SetupTypeCache (426ms)
			ReleaseScriptCaches (1ms)
			RebuildScriptCaches (77ms)
			SetupLoadedEditorAssemblies (695ms)
				LogAssemblyErrors (0ms)
				InitializePlatformSupportModulesInManaged (7ms)
				SetLoadedEditorAssemblies (0ms)
				RefreshPlugins (129ms)
				BeforeProcessingInitializeOnLoad (129ms)
				ProcessInitializeOnLoadAttributes (349ms)
				ProcessInitializeOnLoadMethodAttributes (70ms)
				AfterProcessingInitializeOnLoad (10ms)
				EditorAssembliesLoaded (0ms)
			ExecutionOrderSort2 (0ms)
			AwakeInstancesAfterBackupRestoration (12ms)
Platform modules already initialized, skipping
========================================================================
Worker process is ready to serve import requests
Launched and connected shader compiler UnityShaderCompiler.exe after 0.07 seconds
Refreshing native plugins compatible for Editor in 1.16 ms, found 4 plugins.
Preloading 0 native plugins for Editor in 0.00 ms.
Unloading 4045 Unused Serialized files (Serialized files now loaded: 0)
Unloading 44 unused Assets / (228.9 KB). Loaded Objects now: 4495.
Memory consumption went from 152.0 MB to 151.8 MB.
Total: 6.283400 ms (FindLiveObjects: 0.978900 ms CreateObjectMapping: 0.667900 ms MarkObjects: 4.421300 ms  DeleteObjects: 0.213800 ms)

AssetImportParameters requested are different than current active one (requested -> active):
  custom:video-decoder-ogg-theora: a1e56fd34408186e4bbccfd4996cb3dc -> 
  custom:container-muxer-webm: aa71ff27fc2769a1b78a27578f13a17b -> 
  custom:container-demuxer-webm: 4f35f7cbe854078d1ac9338744f61a02 -> 
  custom:video-encoder-webm-vp8: eb34c28f22e8b96e1ab97ce403110664 -> 
  custom:audio-encoder-webm-vorbis: bf7c407c2cedff20999df2af8eb42d56 -> 
  custom:framework-win-MediaFoundation: 216162199b28c13a410421893ffa2e32 -> 
  custom:container-demuxer-ogg: 62fdf1f143b41e24485cea50d1cbac27 -> 
  custom:video-decoder-webm-vp8: 9c59270c3fd7afecdb556c50c9e8de78 -> 
  custom:audio-decoder-ogg-vorbis: bf7c407c2cedff20999df2af8eb42d56 -> 
========================================================================
Received Import Request.
  Time since last request: 3969.357175 seconds.
  path: Assets/Sounds
  artifactKey: Guid(e0fc148524f740d4288f652e60795eba) Importer(815301076,1909f56bfc062723c751e8b465ee728b)
Start importing Assets/Sounds using Guid(e0fc148524f740d4288f652e60795eba) Importer(815301076,1909f56bfc062723c751e8b465ee728b)  -> (artifact id: 'beab0f364e33f79173dc3e58c6ef1bf4') in 0.024768 seconds 
========================================================================
Received Import Request.
  Time since last request: 179.187936 seconds.
  path: Assets
  artifactKey: Guid(00000000000000001000000000000000) Importer(815301076,1909f56bfc062723c751e8b465ee728b)
Start importing Assets using Guid(00000000000000001000000000000000) Importer(815301076,1909f56bfc062723c751e8b465ee728b)  -> (artifact id: '79842766b460edbeab6a34051e857a80') in 0.009503 seconds 
========================================================================
Received Import Request.
  Time since last request: 9.024648 seconds.
  path: Assets/Palette
  artifactKey: Guid(0c0b5a0a2f35c104d9fa881aebb9cf16) Importer(815301076,1909f56bfc062723c751e8b465ee728b)
Start importing Assets/Palette using Guid(0c0b5a0a2f35c104d9fa881aebb9cf16) Importer(815301076,1909f56bfc062723c751e8b465ee728b)  -> (artifact id: '777cbe0e1c9f8781717abc917bd4276d') in 0.014011 seconds 
========================================================================
Received Import Request.
  Time since last request: 19.235047 seconds.
  path: Assets/SpriteSheets
  artifactKey: Guid(a320153049976c94ab6b9858ca83c660) Importer(815301076,1909f56bfc062723c751e8b465ee728b)
Start importing Assets/SpriteSheets using Guid(a320153049976c94ab6b9858ca83c660) Importer(815301076,1909f56bfc062723c751e8b465ee728b)  -> (artifact id: '630c9b9bb3a81de15093c93871d3b4c4') in 0.013527 seconds 
========================================================================
Received Import Request.
  Time since last request: 0.055389 seconds.
  path: Assets/SpriteSheets/cave_tileset.png
  artifactKey: Guid(d69daf9ec1f4ba944bfc2c27d72d0c3e) Importer(815301076,1909f56bfc062723c751e8b465ee728b)
Start importing Assets/SpriteSheets/cave_tileset.png using Guid(d69daf9ec1f4ba944bfc2c27d72d0c3e) Importer(815301076,1909f56bfc062723c751e8b465ee728b)  -> (artifact id: '1128cb764e9167041ab39880a2e138bb') in 0.168151 seconds 
========================================================================
Received Import Request.
  Time since last request: 0.000034 seconds.
  path: Assets/SpriteSheets/tiles_spritesheet.png
  artifactKey: Guid(2971ba6f96d75c0428256fa69d5a4625) Importer(815301076,1909f56bfc062723c751e8b465ee728b)
Start importing Assets/SpriteSheets/tiles_spritesheet.png using Guid(2971ba6f96d75c0428256fa69d5a4625) Importer(815301076,1909f56bfc062723c751e8b465ee728b)  -> (artifact id: '530557b14d4e72663ef9ac1da01e451c') in 0.033436 seconds 
========================================================================
Received Import Request.
  Time since last request: 0.000037 seconds.
  path: Assets/SpriteSheets/tileset.png
  artifactKey: Guid(d6948ad0be5b64b43b920335669037a7) Importer(815301076,1909f56bfc062723c751e8b465ee728b)
Start importing Assets/SpriteSheets/tileset.png using Guid(d6948ad0be5b64b43b920335669037a7) Importer(815301076,1909f56bfc062723c751e8b465ee728b)  -> (artifact id: '555692790e6a846f8f10eb91f481b59e') in 0.034760 seconds 
========================================================================
Received Import Request.
  Time since last request: 183.701731 seconds.
  path: Assets/SpriteSheets/tiles_spritesheet.png
  artifactKey: Guid(2971ba6f96d75c0428256fa69d5a4625) Importer(815301076,1909f56bfc062723c751e8b465ee728b)
Start importing Assets/SpriteSheets/tiles_spritesheet.png using Guid(2971ba6f96d75c0428256fa69d5a4625) Importer(815301076,1909f56bfc062723c751e8b465ee728b)  -> (artifact id: 'ca06cbb083c6b494c80f205ed22a07f4') in 0.017219 seconds 
========================================================================
Received Import Request.
  Time since last request: 156.596336 seconds.
  path: Assets/SpriteSheets/tiles_spritesheet.png
  artifactKey: Guid(2971ba6f96d75c0428256fa69d5a4625) Importer(815301076,1909f56bfc062723c751e8b465ee728b)
Start importing Assets/SpriteSheets/tiles_spritesheet.png using Guid(2971ba6f96d75c0428256fa69d5a4625) Importer(815301076,1909f56bfc062723c751e8b465ee728b)  -> (artifact id: '2e918c37e28f88036bbf8c2507985ef7') in 0.170660 seconds 
